Undefined symbols for architecture x86_64:
  "_hv_rgb2hex", referenced from:
      _assert_results in main-afb069.o
ld: symbol(s) not found for architecture x86_64
clang: error: linker command failed with exit code 1 (use -v to see invocation)
Compilation: KO
/tmp/ccRh6enC.o: En la funci√≥n `assert_results':
main.c:(.text+0x23): referencia a `hv_rgb2hex' sin definir
collect2: error: ld returned 1 exit status
Compilation: KO
